<?xml version="1.0" encoding="UTF-8"?>
<!-- Generated by org.testng.reporters.JUnitReportReporter -->
<testsuite hostname="hplaptop" failures="0" tests="1" name="TestNG.Axis.WriteToExcel" time="25.377" errors="0" timestamp="2024-02-27T14:19:09 IST" skipped="0">
  <testcase classname="TestNG.Axis.WriteToExcel" name="fblogin" time="25.377"/>
  <system-out/>
</testsuite> <!-- TestNG.Axis.WriteToExcel -->
