<?xml version="1.0" encoding="UTF-8"?>
<!-- Generated by org.testng.reporters.JUnitReportReporter -->
<testsuite hostname="hplaptop" failures="0" tests="1" name="TestNG.Axis.WriteToExcel" time="25.371" errors="0" timestamp="2024-02-28T11:35:08 IST" skipped="0">
  <testcase classname="TestNG.Axis.WriteToExcel" name="fblogin" time="25.371"/>
  <system-out/>
</testsuite> <!-- TestNG.Axis.WriteToExcel -->
